<?xml version="1.0" encoding="UTF-8"?>
<!-- Generated by org.testng.reporters.JUnitReportReporter -->
<testsuite hostname="CHI" name="com.MyProject.Users.CreateUserTC_01" tests="1" failures="0" timestamp="5 Jun 2017 06:07:54 GMT" time="16.298" errors="0">
  <testcase name="testCreateUserTC_01" time="16.298" classname="com.MyProject.Users.CreateUserTC_01"/>
</testsuite> <!-- com.MyProject.Users.CreateUserTC_01 -->
