<?xml version="1.0" encoding="UTF-8"?>
<!-- Generated by org.testng.reporters.JUnitReportReporter -->
<testsuite hostname="CHI" name="com.MyProject.Users.EditCreatedUserTC_02" tests="1" failures="0" timestamp="21 Nov 2017 15:43:19 GMT" time="46.070" errors="0">
  <testcase name="testEditCreatedUserTC_02" time="46.070" classname="com.MyProject.Users.EditCreatedUserTC_02"/>
</testsuite> <!-- com.MyProject.Users.EditCreatedUserTC_02 -->
