<?xml version="1.0" encoding="UTF-8"?>
<!-- Generated by org.testng.reporters.JUnitReportReporter -->
<testsuite hostname="CHI" name="com.MyProject.Users.DeleteEditedUserTC_03" tests="1" failures="0" timestamp="5 Jun 2017 08:23:39 GMT" time="14.317" errors="0">
  <testcase name="testDeleteEditedUserTC_03" time="14.317" classname="com.MyProject.Users.DeleteEditedUserTC_03"/>
</testsuite> <!-- com.MyProject.Users.DeleteEditedUserTC_03 -->
